-------------------------------------------------------------------------------
Test set: runners.Runner
-------------------------------------------------------------------------------
Tests run: 3, Failures: 1, Errors: 0, Skipped: 0, Time elapsed: 33.84 s <<< FAILURE! -- in runners.Runner
runners.Runner.runScenario["", "Unknown"](3) -- Time elapsed: 10.15 s <<< FAILURE!
java.lang.AssertionError: expected [true] but found [false]
	at org.testng.Assert.fail(Assert.java:111)
	at org.testng.Assert.failNotEquals(Assert.java:1590)
	at org.testng.Assert.assertTrue(Assert.java:57)
	at org.testng.Assert.assertTrue(Assert.java:67)
	at steps.DistrictStep.I_should_see_the_search_results_for(DistrictStep.java:45)
	at ✽.I should see the search results for "Super Duperr123"(file:///C:/Users/parth/eclipse-workspace/Maven-BDD-ITV/src/test/resources/features/District.feature:21)

