<?xml version="1.0" encoding="UTF-8"?>
<!-- Generated by org.testng.reporters.JUnitReportReporter -->
<testsuite hostname="Parth" failures="1" tests="3" name="runners.Runner" time="32.852" errors="0" timestamp="2026-04-07T16:57:44 IST" skipped="0">
  <testcase classname="runners.Runner" name="runScenario" time="10.725"/>
  <testcase classname="runners.Runner" name="runScenario" time="11.975"/>
  <testcase classname="runners.Runner" name="runScenario" time="10.152">
    <failure message="expected [true] but found [false]" type="java.lang.AssertionError">
      <![CDATA[java.lang.AssertionError: expected [true] but found [false]
at org.testng.Assert.fail(Assert.java:111)
at org.testng.Assert.failNotEquals(Assert.java:1590)
at org.testng.Assert.assertTrue(Assert.java:57)
at org.testng.Assert.assertTrue(Assert.java:67)
at steps.DistrictStep.I_should_see_the_search_results_for(DistrictStep.java:45)
at ✽.I should see the search results for "Super Duperr123"(file:///C:/Users/parth/eclipse-workspace/Maven-BDD-ITV/src/test/resources/features/District.feature:21)
]]>
    </failure>
  </testcase> <!-- runScenario -->
</testsuite> <!-- runners.Runner -->
